  <testsuite failures="0" assertions="" name="testall" tests="1" errors="1" time=".040737935">
    
    <testcase assertions="1" name="00-./rpath.sh" time=".040737935">
    
      <failure type="ScriptError" message="Script Error"></failure>
  
    <system-out>
<![CDATA[

+++ Running case: 00-./rpath.sh 
+++ working dir: /home/a10040/code/buildscripts/tests/package
+++ command: ./run_test_with_options.sh.sub "./rpath.sh"
| Current environment:
| PKGFILE=asd
| LESSOPEN=| /usr/bin/lesspipe %s
| ARCH=amd64
| USER=a10040
| LANGUAGE=en_US:
| LC_TIME=en_GB.UTF-8
| RPMBUILD_CMD=rpmbuild
| SSH_AGENT_PID=2989
| ORBIT_SOCKETDIR=/tmp/orbit-a10040
| SHLVL=1
| OLDPWD=/home/a10040/code/buildscripts
| HOME=/home/a10040
| XDG_SESSION_COOKIE=3db6462959f6b976ad85f17900000243-1413781495.672437-68931741
| DESKTOP_SESSION=ubuntu-2d
| XDG_SEAT_PATH=/org/freedesktop/DisplayManager/Seat0
| LC_MONETARY=nn_NO.UTF-8
| MAKEFLAGS=-j5
| DBUS_SESSION_BUS_ADDRESS=unix:abstract=/tmp/dbus-onOOfPuyV5,guid=1c4dae75d2d94db815beff7500000014
| COLORTERM=gnome-terminal
| UBUNTU_MENUPROXY=libappmenu.so
| MANDATORY_PATH=/usr/share/gconf/ubuntu-2d.mandatory.path
| PACKAGING=deb
| LOGNAME=a10040
| WINDOWID=92274692
| _=./testall
| DEFAULTS_PATH=/usr/share/gconf/ubuntu-2d.default.path
| DEP_PACKAGING=deb
| TERM=xterm
| GNOME_DESKTOP_SESSION_ID=this-is-deprecated
| PATH=/usr/lib/lightdm/lightdm:/usr/local/sbin:/usr/local/bin:/usr/sbin:/usr/bin:/sbin:/bin:/usr/games
| SESSION_MANAGER=local/cflu-10040:@/tmp/.ICE-unix/2950,unix/cflu-10040:/tmp/.ICE-unix/2950
| LC_ADDRESS=nn_NO.UTF-8
| XDG_SESSION_PATH=/org/freedesktop/DisplayManager/Session0
| OS=ubuntu
| DISPLAY=:0
| LC_TELEPHONE=nn_NO.UTF-8
| LANG=en_US.UTF-8
| XDG_CURRENT_DESKTOP=Unity
| LS_COLORS=rs=0:di=01;34:ln=01;36:mh=00:pi=40;33:so=01;35:do=01;35:bd=40;33;01:cd=40;33;01:or=40;31;01:su=37;41:sg=30;43:ca=30;41:tw=30;42:ow=34;42:st=37;44:ex=01;32:*.tar=01;31:*.tgz=01;31:*.arj=01;31:*.taz=01;31:*.lzh=01;31:*.lzma=01;31:*.tlz=01;31:*.txz=01;31:*.zip=01;31:*.z=01;31:*.Z=01;31:*.dz=01;31:*.gz=01;31:*.lz=01;31:*.xz=01;31:*.bz2=01;31:*.bz=01;31:*.tbz=01;31:*.tbz2=01;31:*.tz=01;31:*.deb=01;31:*.rpm=01;31:*.jar=01;31:*.war=01;31:*.ear=01;31:*.sar=01;31:*.rar=01;31:*.ace=01;31:*.zoo=01;31:*.cpio=01;31:*.7z=01;31:*.rz=01;31:*.jpg=01;35:*.jpeg=01;35:*.gif=01;35:*.bmp=01;35:*.pbm=01;35:*.pgm=01;35:*.ppm=01;35:*.tga=01;35:*.xbm=01;35:*.xpm=01;35:*.tif=01;35:*.tiff=01;35:*.png=01;35:*.svg=01;35:*.svgz=01;35:*.mng=01;35:*.pcx=01;35:*.mov=01;35:*.mpg=01;35:*.mpeg=01;35:*.m2v=01;35:*.mkv=01;35:*.webm=01;35:*.ogm=01;35:*.mp4=01;35:*.m4v=01;35:*.mp4v=01;35:*.vob=01;35:*.qt=01;35:*.nuv=01;35:*.wmv=01;35:*.asf=01;35:*.rm=01;35:*.rmvb=01;35:*.flc=01;35:*.avi=01;35:*.fli=01;35:*.flv=01;35:*.gl=01;35:*.dl=01;35:*.xcf=01;35:*.xwd=01;35:*.yuv=01;35:*.cgm=01;35:*.emf=01;35:*.axv=01;35:*.anx=01;35:*.ogv=01;35:*.ogx=01;35:*.aac=00;36:*.au=00;36:*.flac=00;36:*.mid=00;36:*.midi=00;36:*.mka=00;36:*.mp3=00;36:*.mpc=00;36:*.ogg=00;36:*.ra=00;36:*.wav=00;36:*.axa=00;36:*.oga=00;36:*.spx=00;36:*.xspf=00;36:
| XAUTHORITY=/home/a10040/.Xauthority
| SSH_AUTH_SOCK=/tmp/ssh-PvTthLFj2950/agent.2950
| TERMINATOR_UUID=urn:uuid:45ca4cb5-a5cb-457e-b7ab-c9d47dcebb71
| SHELL=/bin/bash
| LC_NAME=nn_NO.UTF-8
| GDMSESSION=ubuntu-2d
| LESSCLOSE=/usr/bin/lesspipe %s %s
| LC_MEASUREMENT=nn_NO.UTF-8
| GPG_AGENT_INFO=/tmp/gpg-tSRG5m/S.gpg-agent:2990:1
| LC_IDENTIFICATION=nn_NO.UTF-8
| PWD=/home/a10040/code/buildscripts/tests/package
| XDG_CONFIG_DIRS=/etc/xdg/xdg-ubuntu-2d:/etc/xdg
| XDG_DATA_DIRS=/usr/share/ubuntu-2d:/usr/share/gnome:/usr/local/share/:/usr/share/
| LC_NUMERIC=nn_NO.UTF-8
| LC_PAPER=nn_NO.UTF-8
| SH2JU_INITIATED=1
| MAKE=/usr/bin/make
| EDITOR=/usr/bin/emacs
+++ exit code: 1
]]>
    </system-out>
    </testcase>
  
  </testsuite>
